<?xml version="1.0" encoding="UTF-8"?>
<!-- Generated by org.testng.reporters.JUnitReportReporter -->
<testsuite hostname="MacbookAir" failures="0" tests="1" name="PostRequest" time="4.242" errors="0" timestamp="2022-11-01T19:41:55 EDT" skipped="0">
  <testcase classname="PostRequest" name="postCall" time="4.242"/>
  <system-out/>
</testsuite> <!-- PostRequest -->
